<?xml version="1.0" encoding="UTF-8" ?>
<testsuite tests="5" failures="0" name="TestEmployeeMeeting" time="0.049" errors="0" skipped="0">
  <properties>
    <property name="java.runtime.name" value="Java(TM) SE Runtime Environment"/>
    <property name="java.vm.version" value="12.0.2+10"/>
    <property name="sun.boot.library.path" value="/usr/lib/jvm/jdk-12.0.2/lib"/>
    <property name="maven.multiModuleProjectDirectory" value="/home/markus/Dokumente/HTL/5DHIF/POS/web/web_EmployeeList_js"/>
    <property name="java.vm.vendor" value="Oracle Corporation"/>
    <property name="java.vendor.url" value="https://java.oracle.com/"/>
    <property name="guice.disable.misplaced.annotation.check" value="true"/>
    <property name="path.separator" value=":"/>
    <property name="java.vm.name" value="Java HotSpot(TM) 64-Bit Server VM"/>
    <property name="user.country" value="AT"/>
    <property name="sun.java.launcher" value="SUN_STANDARD"/>
    <property name="java.vm.specification.name" value="Java Virtual Machine Specification"/>
    <property name="user.dir" value="/home/markus/Dokumente/HTL/5DHIF/POS/web/web_EmployeeList_js"/>
    <property name="java.vm.compressedOopsMode" value="Zero based"/>
    <property name="java.runtime.version" value="12.0.2+10"/>
    <property name="netbeans.deploy" value="true"/>
    <property name="java.awt.graphicsenv" value="sun.awt.X11GraphicsEnvironment"/>
    <property name="os.arch" value="amd64"/>
    <property name="java.io.tmpdir" value="/tmp"/>
    <property name="line.separator" value="
"/>
    <property name="java.vm.specification.vendor" value="Oracle Corporation"/>
    <property name="os.name" value="Linux"/>
    <property name="maven.ext.class.path" value="/usr/local/netbeans-11.1/netbeans/java/maven-nblib/netbeans-eventspy.jar"/>
    <property name="classworlds.conf" value="/usr/local/netbeans-11.1/netbeans/java/maven/bin/m2.conf"/>
    <property name="sun.jnu.encoding" value="UTF-8"/>
    <property name="java.library.path" value="/usr/java/packages/lib:/usr/lib64:/lib64:/lib:/usr/lib"/>
    <property name="jdk.debug" value="release"/>
    <property name="java.class.version" value="56.0"/>
    <property name="java.specification.name" value="Java Platform API Specification"/>
    <property name="sun.management.compiler" value="HotSpot 64-Bit Tiered Compilers"/>
    <property name="os.version" value="5.3.0-26-generic"/>
    <property name="user.home" value="/home/markus"/>
    <property name="user.timezone" value="Europe/Vienna"/>
    <property name="file.encoding" value="UTF-8"/>
    <property name="java.specification.version" value="12"/>
    <property name="user.name" value="markus"/>
    <property name="java.class.path" value="/usr/local/netbeans-11.1/netbeans/java/maven/boot/plexus-classworlds-2.5.2.jar"/>
    <property name="java.vm.specification.version" value="12"/>
    <property name="sun.arch.data.model" value="64"/>
    <property name="sun.java.command" value="org.codehaus.plexus.classworlds.launcher.Launcher -Dnetbeans.deploy=true -Dnetbeans.deploy.clientUrlPart=/EmployeeController -Dmaven.ext.class.path=/usr/local/netbeans-11.1/netbeans/java/maven-nblib/netbeans-eventspy.jar package"/>
    <property name="java.home" value="/usr/lib/jvm/jdk-12.0.2"/>
    <property name="user.language" value="de"/>
    <property name="java.specification.vendor" value="Oracle Corporation"/>
    <property name="awt.toolkit" value="sun.awt.X11.XToolkit"/>
    <property name="java.vm.info" value="mixed mode, sharing"/>
    <property name="java.version" value="12.0.2"/>
    <property name="securerandom.source" value="file:/dev/./urandom"/>
    <property name="java.vendor" value="Oracle Corporation"/>
    <property name="maven.home" value="/usr/local/netbeans-11.1/netbeans/java/maven"/>
    <property name="file.separator" value="/"/>
    <property name="java.version.date" value="2019-07-16"/>
    <property name="java.vendor.url.bug" value="https://bugreport.java.com/bugreport/"/>
    <property name="sun.io.unicode.encoding" value="UnicodeLittle"/>
    <property name="sun.cpu.endian" value="little"/>
    <property name="netbeans.deploy.clientUrlPart" value="/EmployeeController"/>
    <property name="sun.desktop" value="gnome"/>
  </properties>
  <testcase classname="TestEmployeeMeeting" name="testAll" time="0.003"/>
  <testcase classname="TestEmployeeMeeting" name="testEmployees" time="0.003"/>
  <testcase classname="TestEmployeeMeeting" name="testMeetingsForLastEmployee" time="0.008"/>
  <testcase classname="TestEmployeeMeeting" name="testMeetings" time="0.002"/>
  <testcase classname="TestEmployeeMeeting" name="testAddMeeting" time="0.033"/>
</testsuite>